[1A[2K[2m[WebServer] [22m[33m[1m⚠[22m[39m Warning: Next.js inferred your workspace root, but it may not be correct.
[2m[WebServer] [22m We detected multiple lockfiles and selected the directory of /Users/kevo/package-lock.json as the root directory.
[2m[WebServer] [22m To silence this warning, set `turbopack.root` in your Next.js config, or consider removing one of the lockfiles if it's not needed.
[2m[WebServer] [22m   See https://nextjs.org/docs/app/api-reference/config/next-config-js/turbopack#root-directory for more information.
[2m[WebServer] [22m Detected additional lockfiles: 
[2m[WebServer] [22m   * /Users/kevo/Projects/timely/package-lock.json
[2m[WebServer] [22m


Running 10 tests using 5 workers

[1A[2K[1/10] [chromium] › tests/e2e-advanced.spec.ts:13:7 › Deep Authenticated Workflows › Test 11: Create a Project & Goal via Timer Dashboard
[1A[2K[2/10] [chromium] › tests/e2e-advanced.spec.ts:43:7 › Deep Authenticated Workflows › Test 13: Active Timer Controls
[1A[2K[3/10] [chromium] › tests/e2e-advanced.spec.ts:24:7 › Deep Authenticated Workflows › Test 12: Create a Task in Kanban Board
[1A[2K[4/10] [chromium] › tests/e2e-advanced.spec.ts:55:7 › Deep Authenticated Workflows › Test 14: Planner Visualization Renders
[1A[2K[5/10] [chromium] › tests/e2e-advanced.spec.ts:61:7 › Deep Authenticated Workflows › Test 15: Reports Dashboard Maps Telemetry
[1A[2K[2m[WebServer] [22m[31m[1m⨯[22m[39m The requested resource isn't a valid image for /logo.png received [1mnull[22m

[1A[2K[2m[WebServer] [22m[31m[1m⨯[22m[39m The requested resource isn't a valid image for /logo.png received [1mnull[22m

[1A[2K[2m[WebServer] [22m[36m[browser][39m [33mImage with src "/logo.png" has either width or height modified, but not the other. If you use CSS to change the size of your image, also include the styles 'width: "auto"' or 'height: "auto"' to maintain the aspect ratio.[39m

[1A[2K[2m[WebServer] [22m[36m[browser][39m [33mImage with src "/logo.png" has either width or height modified, but not the other. If you use CSS to change the size of your image, also include the styles 'width: "auto"' or 'height: "auto"' to maintain the aspect ratio.[39m

[1A[2K[2m[WebServer] [22m[36m[browser][39m [33mImage with src "/logo.png" has either width or height modified, but not the other. If you use CSS to change the size of your image, also include the styles 'width: "auto"' or 'height: "auto"' to maintain the aspect ratio.[39m

[1A[2K[2m[WebServer] [22m[36m[browser][39m [33mImage with src "/logo.png" has either width or height modified, but not the other. If you use CSS to change the size of your image, also include the styles 'width: "auto"' or 'height: "auto"' to maintain the aspect ratio.[39m

[1A[2K[2m[WebServer] [22m[36m[browser][39m [33mImage with src "/logo.png" has either width or height modified, but not the other. If you use CSS to change the size of your image, also include the styles 'width: "auto"' or 'height: "auto"' to maintain the aspect ratio.[39m

[1A[2K[2m[WebServer] [22m[31m[1m⨯[22m[39m The requested resource isn't a valid image for /logo.png received [1mnull[22m

[1A[2K[2m[WebServer] [22m[31m[1m⨯[22m[39m The requested resource isn't a valid image for /logo.png received [1mnull[22m

[1A[2K[2m[WebServer] [22m[36m[browser][39m [33mImage with src "/logo.png" has either width or height modified, but not the other. If you use CSS to change the size of your image, also include the styles 'width: "auto"' or 'height: "auto"' to maintain the aspect ratio.[39m

[1A[2K[6/10] [chromium] › tests/e2e-advanced.spec.ts:68:7 › Deep Authenticated Workflows › Test 16: Client Segregation
[1A[2K[2m[WebServer] [22m[36m[browser][39m [33mImage with src "/logo.png" has either width or height modified, but not the other. If you use CSS to change the size of your image, also include the styles 'width: "auto"' or 'height: "auto"' to maintain the aspect ratio.[39m

[1A[2K[2m[WebServer] [22m[36m[browser][39m [33mThe width(-1) and height(-1) of chart should be greater than 0,
[2m[WebServer] [22m       please check the style of container, or the props width(100%) and height(100%),
[2m[WebServer] [22m       or add a minWidth(0) or minHeight(undefined) or use aspect(undefined) to control the
[2m[WebServer] [22m       height and width.[39m

[1A[2K[2m[WebServer] [22m[36m[browser][39m [33mThe width(-1) and height(-1) of chart should be greater than 0,
[2m[WebServer] [22m       please check the style of container, or the props width(100%) and height(100%),
[2m[WebServer] [22m       or add a minWidth(0) or minHeight(undefined) or use aspect(undefined) to control the
[2m[WebServer] [22m       height and width.[39m

[1A[2K[7/10] [chromium] › tests/e2e-advanced.spec.ts:74:7 › Deep Authenticated Workflows › Test 17: Approvals Pipeline Renders for Managers
[1A[2K[8/10] [chromium] › tests/e2e-advanced.spec.ts:80:7 › Deep Authenticated Workflows › Test 18: Enterprise/SMB Plan Accesses Invoices properly
[1A[2K[2m[WebServer] [22m[31m[1m⨯[22m[39m The requested resource isn't a valid image for /logo.png received [1mnull[22m

[1A[2K[2m[WebServer] [22m[36m[browser][39m [33mImage with src "/logo.png" has either width or height modified, but not the other. If you use CSS to change the size of your image, also include the styles 'width: "auto"' or 'height: "auto"' to maintain the aspect ratio.[39m

[1A[2K[2m[WebServer] [22m[31m[1m⨯[22m[39m The requested resource isn't a valid image for /logo.png received [1mnull[22m

[1A[2K[2m[WebServer] [22m[31m[1m⨯[22m[39m The requested resource isn't a valid image for /logo.png received [1mnull[22m

[1A[2K[2m[WebServer] [22m[31m[1m⨯[22m[39m The requested resource isn't a valid image for /logo.png received [1mnull[22m

[1A[2K[2m[WebServer] [22m[36m[browser][39m [33mImage with src "/logo.png" has either width or height modified, but not the other. If you use CSS to change the size of your image, also include the styles 'width: "auto"' or 'height: "auto"' to maintain the aspect ratio.[39m

[1A[2K[2m[WebServer] [22m[31m[1m⨯[22m[39m The requested resource isn't a valid image for /logo.png received [1mnull[22m

[1A[2K[2m[WebServer] [22m[36m[browser][39m [33mImage with src "/logo.png" has either width or height modified, but not the other. If you use CSS to change the size of your image, also include the styles 'width: "auto"' or 'height: "auto"' to maintain the aspect ratio.[39m

[1A[2K[2m[WebServer] [22m[36m[browser][39m [33mImage with src "/logo.png" has either width or height modified, but not the other. If you use CSS to change the size of your image, also include the styles 'width: "auto"' or 'height: "auto"' to maintain the aspect ratio.[39m

[1A[2K[2m[WebServer] [22m[31m[1m⨯[22m[39m The requested resource isn't a valid image for /logo.png received [1mnull[22m

[1A[2K[2m[WebServer] [22m[36m[browser][39m [33mImage with src "/logo.png" has either width or height modified, but not the other. If you use CSS to change the size of your image, also include the styles 'width: "auto"' or 'height: "auto"' to maintain the aspect ratio.[39m

[1A[2K[2m[WebServer] [22m[31m[1m⨯[22m[39m The requested resource isn't a valid image for /logo.png received [1mnull[22m

[1A[2K[2m[WebServer] [22m[36m[browser][39m [33mImage with src "/logo.png" has either width or height modified, but not the other. If you use CSS to change the size of your image, also include the styles 'width: "auto"' or 'height: "auto"' to maintain the aspect ratio.[39m

[1A[2K  1) [chromium] › tests/e2e-advanced.spec.ts:80:7 › Deep Authenticated Workflows › Test 18: Enterprise/SMB Plan Accesses Invoices properly 

    Error: [2mexpect([22m[31mlocator[39m[2m).[22mtoBeVisible[2m([22m[2m)[22m failed

    Locator: getByRole('heading', { name: 'Client Invoices', level: 1 }).or(locator('text=Invoices'))
    Expected: visible
    Error: strict mode violation: getByRole('heading', { name: 'Client Invoices', level: 1 }).or(locator('text=Invoices')) resolved to 2 elements:
        1) <div class="flex items-center gap-3">…</div> aka getByRole('link', { name: 'Invoices' })
        2) <span class="text-[10px] font-medium">Invoices</span> aka locator('span').filter({ hasText: 'Invoices' })

    Call log:
    [2m  - Expect "toBeVisible" with timeout 5000ms[22m
    [2m  - waiting for getByRole('heading', { name: 'Client Invoices', level: 1 }).or(locator('text=Invoices'))[22m


      82 |     await page.goto('/api/test/login?plan=smb');
      83 |     await page.goto('/invoices');
    > 84 |     await expect(page.getByRole('heading', { level: 1, name: 'Client Invoices' }).or(page.locator('text=Invoices'))).toBeVisible();
         |                                                                                                                      ^
      85 |     await expect(page.locator('text=Invoicing is a Pro feature')).not.toBeVisible();
      86 |   });
      87 |
        at /Users/kevo/Projects/timely/tests/e2e-advanced.spec.ts:84:118

    Error Context: test-results/e2e-advanced-Deep-Authenti-e6bb7--Accesses-Invoices-properly-chromium/error-context.md


[1A[2K[9/10] [chromium] › tests/e2e-advanced.spec.ts:94:7 › Deep Authenticated Workflows › Test 20: 404 Route on Authenticated State
[1A[2K[2m[WebServer] [22m[31m[1m⨯[22m[39m The requested resource isn't a valid image for /logo.png received [1mnull[22m

[1A[2K[10/10] [chromium] › tests/e2e-advanced.spec.ts:88:7 › Deep Authenticated Workflows › Test 19: Dashboard Context Persistence
[1A[2K[2m[WebServer] [22m[36m[browser][39m [33mImage with src "/logo.png" has either width or height modified, but not the other. If you use CSS to change the size of your image, also include the styles 'width: "auto"' or 'height: "auto"' to maintain the aspect ratio.[39m

[1A[2K[2m[WebServer] [22m[31m[1m⨯[22m[39m The requested resource isn't a valid image for /logo.png received [1mnull[22m

[1A[2K[2m[WebServer] [22m[36m[browser][39m [33mImage with src "/logo.png" has either width or height modified, but not the other. If you use CSS to change the size of your image, also include the styles 'width: "auto"' or 'height: "auto"' to maintain the aspect ratio.[39m

[1A[2K[2m[WebServer] [22m[31m[1m⨯[22m[39m The requested resource isn't a valid image for /logo.png received [1mnull[22m

[1A[2K[2m[WebServer] [22m[36m[browser][39m [33mImage with src "/logo.png" has either width or height modified, but not the other. If you use CSS to change the size of your image, also include the styles 'width: "auto"' or 'height: "auto"' to maintain the aspect ratio.[39m

[1A[2K  2) [chromium] › tests/e2e-advanced.spec.ts:43:7 › Deep Authenticated Workflows › Test 13: Active Timer Controls 

    Error: [2mexpect([22m[31mlocator[39m[2m).[22mtoBeVisible[2m([22m[2m)[22m failed

    Locator: locator('text=Timer running — session persisted locally.')
    Expected: visible
    Timeout: 5000ms
    Error: element(s) not found

    Call log:
    [2m  - Expect "toBeVisible" with timeout 5000ms[22m
    [2m  - waiting for locator('text=Timer running — session persisted locally.')[22m


      44 |     await page.goto('/dashboard');
      45 |     await page.getByRole('button', { name: /Start Session/i }).click();
    > 46 |     await expect(page.locator('text=Timer running — session persisted locally.')).toBeVisible();
         |                                                                                   ^
      47 |     
      48 |     // Let timer tick
      49 |     await page.waitForTimeout(1500); 
        at /Users/kevo/Projects/timely/tests/e2e-advanced.spec.ts:46:83

    Error Context: test-results/e2e-advanced-Deep-Authenti-97e29-st-13-Active-Timer-Controls-chromium/error-context.md


[1A[2K  3) [chromium] › tests/e2e-advanced.spec.ts:68:7 › Deep Authenticated Workflows › Test 16: Client Segregation 

    Error: [2mexpect([22m[31mpage[39m[2m).[22mtoHaveURL[2m([22m[32mexpected[39m[2m)[22m failed

    Expected pattern: [32m/.*\/dashboard/[39m
    Received string:  [31m"http://localhost:3000/login"[39m
    Timeout: 5000ms

    Call log:
    [2m  - Expect "toHaveURL" with timeout 5000ms[22m
    [2m    9 × unexpected value "http://localhost:3000/login"[22m


      69 |     await page.goto('/client');
      70 |     // Members inherently get bounced to dashboard or remain on it
    > 71 |     await expect(page).toHaveURL(/.*\/dashboard/);
         |                        ^
      72 |   });
      73 |
      74 |   test('Test 17: Approvals Pipeline Renders for Managers', async ({ page }) => {
        at /Users/kevo/Projects/timely/tests/e2e-advanced.spec.ts:71:24

    Error Context: test-results/e2e-advanced-Deep-Authenti-13219--Test-16-Client-Segregation-chromium/error-context.md


[1A[2K  4) [chromium] › tests/e2e-advanced.spec.ts:24:7 › Deep Authenticated Workflows › Test 12: Create a Task in Kanban Board 

    [31mTest timeout of 30000ms exceeded.[39m

    Error: locator.click: Test timeout of 30000ms exceeded.
    Call log:
    [2m  - waiting for getByText('Kanban Test Project')[22m


      32 |     // 2. Go to projects, click project
      33 |     await page.goto('/projects');
    > 34 |     await page.getByText('Kanban Test Project').click(); // navigates to project
         |                                                 ^
      35 |     
      36 |     // 3. Create task by clicking the plus icon in the TO DO column
      37 |     await page.locator('.w-80').filter({ hasText: 'To Do' }).getByRole('button').first().click();
        at /Users/kevo/Projects/timely/tests/e2e-advanced.spec.ts:34:49

    Error Context: test-results/e2e-advanced-Deep-Authenti-cebfc-eate-a-Task-in-Kanban-Board-chromium/error-context.md


[1A[2K  4 failed
    [chromium] › tests/e2e-advanced.spec.ts:24:7 › Deep Authenticated Workflows › Test 12: Create a Task in Kanban Board 
    [chromium] › tests/e2e-advanced.spec.ts:43:7 › Deep Authenticated Workflows › Test 13: Active Timer Controls 
    [chromium] › tests/e2e-advanced.spec.ts:68:7 › Deep Authenticated Workflows › Test 16: Client Segregation 
    [chromium] › tests/e2e-advanced.spec.ts:80:7 › Deep Authenticated Workflows › Test 18: Enterprise/SMB Plan Accesses Invoices properly 
  6 passed (33.9s)

[36m  Serving HTML report at http://localhost:59555. Press Ctrl+C to quit.[39m
